<?xml version="1.0" encoding="UTF-8"?>
<TestRun id="819ffe48-35ea-4f64-acf2-92317d884df4" name="Justin@JUSTIN-PC 2012-12-02 10:01:12" runUser="Justin-PC\Justin" xmlns="http://microsoft.com/schemas/VisualStudio/TeamTest/2010">
  <TestSettings name="Local" id="a6c1648d-c4df-43a5-b2cf-5f0c25ecb43c">
    <Description>These are default test settings for a local test run.</Description>
    <Deployment enabled="false" runDeploymentRoot="Justin_JUSTIN-PC 2012-12-02 10_01_12">
      <DeploymentItem filename="C:\Users\Justin\Documents\Visual Studio 2010\Projects\302FinalProject\302FinalProject\bin\Debug\302FinalProject.exe" />
    </Deployment>
    <Execution>
      <TestTypeSpecific />
      <AgentRule name="Execution Agents">
      </AgentRule>
    </Execution>
  </TestSettings>
  <Times creation="2012-12-02T10:01:12.8891797-06:00" queuing="2012-12-02T10:01:14.4907422-06:00" start="2012-12-02T10:01:14.5532422-06:00" finish="2012-12-02T10:01:30.6313672-06:00" />
  <ResultSummary outcome="Inconclusive">
    <Counters total="17" executed="17" passed="14" error="0" failed="0" timeout="0" aborted="0" inconclusive="3" passedButRunAborted="0" notRunnable="0" notExecuted="0" disconnected="0" warning="0" completed="0" inProgress="0" pending="0" />
    <RunInfos>
      <RunInfo computerName="JUSTIN-PC" outcome="Warning" timestamp="2012-12-02T10:01:12.9126172-06:00">
        <Text>Deployment is currently disabled. The deployment item '302FinalProject.exe' on test 'TestProject1.MainWindowTest.RemovePerson_ClickTest' was not deployed.</Text>
      </RunInfo>
    </RunInfos>
  </ResultSummary>
  <TestDefinitions>
    <UnitTest name="RemovePerson_ClickTest" storage="c:\users\justin\documents\visual studio 2010\projects\302finalproject\testproject1\bin\debug\testproject1.dll" id="38d3302b-d51b-fe18-3dda-8fc6e5876cdb">
      <DeploymentItems>
        <DeploymentItem filename="302FinalProject.exe" />
      </DeploymentItems>
      <Execution id="b4ccd70a-b8fe-4196-9c91-3f1fdd569496" />
      <TestMethod codeBase="C:/Users/Justin/Documents/Visual Studio 2010/Projects/302FinalProject/TestProject1/bin/Debug/TestProject1.DLL" adapterTypeName="Microsoft.VisualStudio.TestTools.TestTypes.Unit.UnitTestAdapter, Microsoft.VisualStudio.QualityTools.Tips.UnitTest.Adapter, Version=10.0.0.0, Culture=neutral, PublicKeyToken=b03f5f7f11d50a3a" className="TestProject1.MainWindowTest, TestProject1, Version=1.0.0.0, Culture=neutral, PublicKeyToken=null" name="RemovePerson_ClickTest" />
    </UnitTest>
    <UnitTest name="AddPerson_ClickTest" storage="c:\users\justin\documents\visual studio 2010\projects\302finalproject\testproject1\bin\debug\testproject1.dll" id="ce675689-d2d7-0cdd-c0ea-eeaf2b96779a">
      <DeploymentItems>
        <DeploymentItem filename="302FinalProject.exe" />
      </DeploymentItems>
      <Execution id="b3516736-6f08-46f7-b8fd-77d407f6b7b0" />
      <TestMethod codeBase="C:/Users/Justin/Documents/Visual Studio 2010/Projects/302FinalProject/TestProject1/bin/Debug/TestProject1.DLL" adapterTypeName="Microsoft.VisualStudio.TestTools.TestTypes.Unit.UnitTestAdapter, Microsoft.VisualStudio.QualityTools.Tips.UnitTest.Adapter, Version=10.0.0.0, Culture=neutral, PublicKeyToken=b03f5f7f11d50a3a" className="TestProject1.MainWindowTest, TestProject1, Version=1.0.0.0, Culture=neutral, PublicKeyToken=null" name="AddPerson_ClickTest" />
    </UnitTest>
    <UnitTest name="button3_ClickTest" storage="c:\users\justin\documents\visual studio 2010\projects\302finalproject\testproject1\bin\debug\testproject1.dll" id="82bb23a2-6002-407a-219a-a48a8fc2036f">
      <DeploymentItems>
        <DeploymentItem filename="302FinalProject.exe" />
      </DeploymentItems>
      <Execution id="7e4a842a-cd4d-44ab-883d-79032f241d1d" />
      <TestMethod codeBase="C:/Users/Justin/Documents/Visual Studio 2010/Projects/302FinalProject/TestProject1/bin/Debug/TestProject1.DLL" adapterTypeName="Microsoft.VisualStudio.TestTools.TestTypes.Unit.UnitTestAdapter, Microsoft.VisualStudio.QualityTools.Tips.UnitTest.Adapter, Version=10.0.0.0, Culture=neutral, PublicKeyToken=b03f5f7f11d50a3a" className="TestProject1.MainWindowTest, TestProject1, Version=1.0.0.0, Culture=neutral, PublicKeyToken=null" name="button3_ClickTest" />
    </UnitTest>
    <UnitTest name="MainWindowConstructorTest" storage="c:\users\justin\documents\visual studio 2010\projects\302finalproject\testproject1\bin\debug\testproject1.dll" id="0c952f85-7698-9406-1081-1831b617ec8e">
      <Execution id="1fa272e8-7e15-4dd4-b804-02962725a8ff" />
      <TestMethod codeBase="C:/Users/Justin/Documents/Visual Studio 2010/Projects/302FinalProject/TestProject1/bin/Debug/TestProject1.DLL" adapterTypeName="Microsoft.VisualStudio.TestTools.TestTypes.Unit.UnitTestAdapter, Microsoft.VisualStudio.QualityTools.Tips.UnitTest.Adapter, Version=10.0.0.0, Culture=neutral, PublicKeyToken=b03f5f7f11d50a3a" className="TestProject1.MainWindowTest, TestProject1, Version=1.0.0.0, Culture=neutral, PublicKeyToken=null" name="MainWindowConstructorTest" />
    </UnitTest>
    <UnitTest name="removeUserTest" storage="c:\users\justin\documents\visual studio 2010\projects\302finalproject\testproject1\bin\debug\testproject1.dll" id="be5aa915-3067-9536-c8cf-e11ad7665f45">
      <Execution id="c22ab5dc-00a5-430f-a11c-61f573cf9482" />
      <TestMethod codeBase="C:/Users/Justin/Documents/Visual Studio 2010/Projects/302FinalProject/TestProject1/bin/Debug/TestProject1.DLL" adapterTypeName="Microsoft.VisualStudio.TestTools.TestTypes.Unit.UnitTestAdapter, Microsoft.VisualStudio.QualityTools.Tips.UnitTest.Adapter, Version=10.0.0.0, Culture=neutral, PublicKeyToken=b03f5f7f11d50a3a" className="TestProject1.AddressBookTest, TestProject1, Version=1.0.0.0, Culture=neutral, PublicKeyToken=null" name="removeUserTest" />
    </UnitTest>
    <UnitTest name="setZipTest" storage="c:\users\justin\documents\visual studio 2010\projects\302finalproject\testproject1\bin\debug\testproject1.dll" id="e08206ed-4d8b-1cd4-d0ed-b0496a271624">
      <Execution id="cba5a422-daf4-42d1-ba3f-0ccdc0708513" />
      <TestMethod codeBase="C:/Users/Justin/Documents/Visual Studio 2010/Projects/302FinalProject/TestProject1/bin/Debug/TestProject1.DLL" adapterTypeName="Microsoft.VisualStudio.TestTools.TestTypes.Unit.UnitTestAdapter, Microsoft.VisualStudio.QualityTools.Tips.UnitTest.Adapter, Version=10.0.0.0, Culture=neutral, PublicKeyToken=b03f5f7f11d50a3a" className="TestProject1.PersonTest, TestProject1, Version=1.0.0.0, Culture=neutral, PublicKeyToken=null" name="setZipTest" />
    </UnitTest>
    <UnitTest name="AddressBookConstructorTest" storage="c:\users\justin\documents\visual studio 2010\projects\302finalproject\testproject1\bin\debug\testproject1.dll" id="d398e9c1-fb4c-15e0-d0c4-aac0ba34194f">
      <Execution id="09b10973-c1cd-4724-bf34-c624e0736443" />
      <TestMethod codeBase="C:/Users/Justin/Documents/Visual Studio 2010/Projects/302FinalProject/TestProject1/bin/Debug/TestProject1.DLL" adapterTypeName="Microsoft.VisualStudio.TestTools.TestTypes.Unit.UnitTestAdapter, Microsoft.VisualStudio.QualityTools.Tips.UnitTest.Adapter, Version=10.0.0.0, Culture=neutral, PublicKeyToken=b03f5f7f11d50a3a" className="TestProject1.AddressBookTest, TestProject1, Version=1.0.0.0, Culture=neutral, PublicKeyToken=null" name="AddressBookConstructorTest" />
    </UnitTest>
    <UnitTest name="InitializeComponentTest" storage="c:\users\justin\documents\visual studio 2010\projects\302finalproject\testproject1\bin\debug\testproject1.dll" id="2ff40d63-a64f-49cb-833c-a28ef9755bc4">
      <Execution id="65eda292-c26d-43e8-90ea-21f06ef48a7a" />
      <TestMethod codeBase="C:/Users/Justin/Documents/Visual Studio 2010/Projects/302FinalProject/TestProject1/bin/Debug/TestProject1.DLL" adapterTypeName="Microsoft.VisualStudio.TestTools.TestTypes.Unit.UnitTestAdapter, Microsoft.VisualStudio.QualityTools.Tips.UnitTest.Adapter, Version=10.0.0.0, Culture=neutral, PublicKeyToken=b03f5f7f11d50a3a" className="TestProject1.MainWindowTest, TestProject1, Version=1.0.0.0, Culture=neutral, PublicKeyToken=null" name="InitializeComponentTest" />
    </UnitTest>
    <UnitTest name="button2_ClickTest" storage="c:\users\justin\documents\visual studio 2010\projects\302finalproject\testproject1\bin\debug\testproject1.dll" id="01bc3942-397c-0424-f6d8-5fbf0d2bb099">
      <DeploymentItems>
        <DeploymentItem filename="302FinalProject.exe" />
      </DeploymentItems>
      <Execution id="702cbe80-6436-4b79-8c4c-466f26cbda5f" />
      <TestMethod codeBase="C:/Users/Justin/Documents/Visual Studio 2010/Projects/302FinalProject/TestProject1/bin/Debug/TestProject1.DLL" adapterTypeName="Microsoft.VisualStudio.TestTools.TestTypes.Unit.UnitTestAdapter, Microsoft.VisualStudio.QualityTools.Tips.UnitTest.Adapter, Version=10.0.0.0, Culture=neutral, PublicKeyToken=b03f5f7f11d50a3a" className="TestProject1.MainWindowTest, TestProject1, Version=1.0.0.0, Culture=neutral, PublicKeyToken=null" name="button2_ClickTest" />
    </UnitTest>
    <UnitTest name="button1_ClickTest" storage="c:\users\justin\documents\visual studio 2010\projects\302finalproject\testproject1\bin\debug\testproject1.dll" id="73abe3d4-07d6-9c65-b90a-579adb3e7c4e">
      <DeploymentItems>
        <DeploymentItem filename="302FinalProject.exe" />
      </DeploymentItems>
      <Execution id="c642dae8-49c2-42e8-9d80-c22a1b10a641" />
      <TestMethod codeBase="C:/Users/Justin/Documents/Visual Studio 2010/Projects/302FinalProject/TestProject1/bin/Debug/TestProject1.DLL" adapterTypeName="Microsoft.VisualStudio.TestTools.TestTypes.Unit.UnitTestAdapter, Microsoft.VisualStudio.QualityTools.Tips.UnitTest.Adapter, Version=10.0.0.0, Culture=neutral, PublicKeyToken=b03f5f7f11d50a3a" className="TestProject1.MainWindowTest, TestProject1, Version=1.0.0.0, Culture=neutral, PublicKeyToken=null" name="button1_ClickTest" />
    </UnitTest>
    <UnitTest name="setStateTest" storage="c:\users\justin\documents\visual studio 2010\projects\302finalproject\testproject1\bin\debug\testproject1.dll" id="35344a51-9ffa-e218-80f9-c24e8fcee0c2">
      <Execution id="cade6eaa-597d-482d-aaa4-fac028949162" />
      <TestMethod codeBase="C:/Users/Justin/Documents/Visual Studio 2010/Projects/302FinalProject/TestProject1/bin/Debug/TestProject1.DLL" adapterTypeName="Microsoft.VisualStudio.TestTools.TestTypes.Unit.UnitTestAdapter, Microsoft.VisualStudio.QualityTools.Tips.UnitTest.Adapter, Version=10.0.0.0, Culture=neutral, PublicKeyToken=b03f5f7f11d50a3a" className="TestProject1.PersonTest, TestProject1, Version=1.0.0.0, Culture=neutral, PublicKeyToken=null" name="setStateTest" />
    </UnitTest>
    <UnitTest name="addUserTest" storage="c:\users\justin\documents\visual studio 2010\projects\302finalproject\testproject1\bin\debug\testproject1.dll" id="745bf10e-17c0-cd48-3e5b-57c54e907349">
      <Execution id="98201818-1f91-4a3f-8336-47da93c27c3f" />
      <TestMethod codeBase="C:/Users/Justin/Documents/Visual Studio 2010/Projects/302FinalProject/TestProject1/bin/Debug/TestProject1.DLL" adapterTypeName="Microsoft.VisualStudio.TestTools.TestTypes.Unit.UnitTestAdapter, Microsoft.VisualStudio.QualityTools.Tips.UnitTest.Adapter, Version=10.0.0.0, Culture=neutral, PublicKeyToken=b03f5f7f11d50a3a" className="TestProject1.AddressBookTest, TestProject1, Version=1.0.0.0, Culture=neutral, PublicKeyToken=null" name="addUserTest" />
    </UnitTest>
    <UnitTest name="ConnectTest" storage="c:\users\justin\documents\visual studio 2010\projects\302finalproject\testproject1\bin\debug\testproject1.dll" id="aa8c5814-28e1-dbe8-b20d-a761d402e385">
      <DeploymentItems>
        <DeploymentItem filename="302FinalProject.exe" />
      </DeploymentItems>
      <Execution id="e6a2cb4f-369b-431a-ad42-50f3c67a8486" />
      <TestMethod codeBase="C:/Users/Justin/Documents/Visual Studio 2010/Projects/302FinalProject/TestProject1/bin/Debug/TestProject1.DLL" adapterTypeName="Microsoft.VisualStudio.TestTools.TestTypes.Unit.UnitTestAdapter, Microsoft.VisualStudio.QualityTools.Tips.UnitTest.Adapter, Version=10.0.0.0, Culture=neutral, PublicKeyToken=b03f5f7f11d50a3a" className="TestProject1.MainWindowTest, TestProject1, Version=1.0.0.0, Culture=neutral, PublicKeyToken=null" name="ConnectTest" />
    </UnitTest>
    <UnitTest name="PersonConstructorTest" storage="c:\users\justin\documents\visual studio 2010\projects\302finalproject\testproject1\bin\debug\testproject1.dll" id="f3e619c4-033e-1701-a2ae-7a9955055f50">
      <Execution id="807dbdda-3bc0-4ccc-9baa-9edccf7dcfde" />
      <TestMethod codeBase="C:/Users/Justin/Documents/Visual Studio 2010/Projects/302FinalProject/TestProject1/bin/Debug/TestProject1.DLL" adapterTypeName="Microsoft.VisualStudio.TestTools.TestTypes.Unit.UnitTestAdapter, Microsoft.VisualStudio.QualityTools.Tips.UnitTest.Adapter, Version=10.0.0.0, Culture=neutral, PublicKeyToken=b03f5f7f11d50a3a" className="TestProject1.PersonTest, TestProject1, Version=1.0.0.0, Culture=neutral, PublicKeyToken=null" name="PersonConstructorTest" />
    </UnitTest>
    <UnitTest name="setAddressTest" storage="c:\users\justin\documents\visual studio 2010\projects\302finalproject\testproject1\bin\debug\testproject1.dll" id="0c3a2482-98fc-486a-fe15-6e953db2803b">
      <Execution id="d0aef2cb-94a7-4b4a-ba84-e048ce7e234a" />
      <TestMethod codeBase="C:/Users/Justin/Documents/Visual Studio 2010/Projects/302FinalProject/TestProject1/bin/Debug/TestProject1.DLL" adapterTypeName="Microsoft.VisualStudio.TestTools.TestTypes.Unit.UnitTestAdapter, Microsoft.VisualStudio.QualityTools.Tips.UnitTest.Adapter, Version=10.0.0.0, Culture=neutral, PublicKeyToken=b03f5f7f11d50a3a" className="TestProject1.PersonTest, TestProject1, Version=1.0.0.0, Culture=neutral, PublicKeyToken=null" name="setAddressTest" />
    </UnitTest>
    <UnitTest name="setNumberTest" storage="c:\users\justin\documents\visual studio 2010\projects\302finalproject\testproject1\bin\debug\testproject1.dll" id="beac8f2c-890b-f3e1-6cca-6d307c14c27a">
      <Execution id="0434d276-3a8d-4dde-ad3c-29afb4147032" />
      <TestMethod codeBase="C:/Users/Justin/Documents/Visual Studio 2010/Projects/302FinalProject/TestProject1/bin/Debug/TestProject1.DLL" adapterTypeName="Microsoft.VisualStudio.TestTools.TestTypes.Unit.UnitTestAdapter, Microsoft.VisualStudio.QualityTools.Tips.UnitTest.Adapter, Version=10.0.0.0, Culture=neutral, PublicKeyToken=b03f5f7f11d50a3a" className="TestProject1.PersonTest, TestProject1, Version=1.0.0.0, Culture=neutral, PublicKeyToken=null" name="setNumberTest" />
    </UnitTest>
    <UnitTest name="setNameTest" storage="c:\users\justin\documents\visual studio 2010\projects\302finalproject\testproject1\bin\debug\testproject1.dll" id="f0412e44-6fec-8bd8-23a9-d77c8cba5a2f">
      <Execution id="6dbd86b8-562e-4c0f-b64f-c8e11c49ceb3" />
      <TestMethod codeBase="C:/Users/Justin/Documents/Visual Studio 2010/Projects/302FinalProject/TestProject1/bin/Debug/TestProject1.DLL" adapterTypeName="Microsoft.VisualStudio.TestTools.TestTypes.Unit.UnitTestAdapter, Microsoft.VisualStudio.QualityTools.Tips.UnitTest.Adapter, Version=10.0.0.0, Culture=neutral, PublicKeyToken=b03f5f7f11d50a3a" className="TestProject1.PersonTest, TestProject1, Version=1.0.0.0, Culture=neutral, PublicKeyToken=null" name="setNameTest" />
    </UnitTest>
  </TestDefinitions>
  <TestLists>
    <TestList name="Results Not in a List" id="8c84fa94-04c1-424b-9868-57a2d4851a1d" />
    <TestList name="All Loaded Results" id="19431567-8539-422a-85d7-44ee4e166bda" />
  </TestLists>
  <TestEntries>
    <TestEntry testId="e08206ed-4d8b-1cd4-d0ed-b0496a271624" executionId="cba5a422-daf4-42d1-ba3f-0ccdc0708513" testListId="8c84fa94-04c1-424b-9868-57a2d4851a1d" />
    <TestEntry testId="35344a51-9ffa-e218-80f9-c24e8fcee0c2" executionId="cade6eaa-597d-482d-aaa4-fac028949162" testListId="8c84fa94-04c1-424b-9868-57a2d4851a1d" />
    <TestEntry testId="beac8f2c-890b-f3e1-6cca-6d307c14c27a" executionId="0434d276-3a8d-4dde-ad3c-29afb4147032" testListId="8c84fa94-04c1-424b-9868-57a2d4851a1d" />
    <TestEntry testId="f0412e44-6fec-8bd8-23a9-d77c8cba5a2f" executionId="6dbd86b8-562e-4c0f-b64f-c8e11c49ceb3" testListId="8c84fa94-04c1-424b-9868-57a2d4851a1d" />
    <TestEntry testId="0c3a2482-98fc-486a-fe15-6e953db2803b" executionId="d0aef2cb-94a7-4b4a-ba84-e048ce7e234a" testListId="8c84fa94-04c1-424b-9868-57a2d4851a1d" />
    <TestEntry testId="f3e619c4-033e-1701-a2ae-7a9955055f50" executionId="807dbdda-3bc0-4ccc-9baa-9edccf7dcfde" testListId="8c84fa94-04c1-424b-9868-57a2d4851a1d" />
    <TestEntry testId="d398e9c1-fb4c-15e0-d0c4-aac0ba34194f" executionId="09b10973-c1cd-4724-bf34-c624e0736443" testListId="8c84fa94-04c1-424b-9868-57a2d4851a1d" />
    <TestEntry testId="745bf10e-17c0-cd48-3e5b-57c54e907349" executionId="98201818-1f91-4a3f-8336-47da93c27c3f" testListId="8c84fa94-04c1-424b-9868-57a2d4851a1d" />
    <TestEntry testId="be5aa915-3067-9536-c8cf-e11ad7665f45" executionId="c22ab5dc-00a5-430f-a11c-61f573cf9482" testListId="8c84fa94-04c1-424b-9868-57a2d4851a1d" />
    <TestEntry testId="0c952f85-7698-9406-1081-1831b617ec8e" executionId="1fa272e8-7e15-4dd4-b804-02962725a8ff" testListId="8c84fa94-04c1-424b-9868-57a2d4851a1d" />
    <TestEntry testId="ce675689-d2d7-0cdd-c0ea-eeaf2b96779a" executionId="b3516736-6f08-46f7-b8fd-77d407f6b7b0" testListId="8c84fa94-04c1-424b-9868-57a2d4851a1d" />
    <TestEntry testId="2ff40d63-a64f-49cb-833c-a28ef9755bc4" executionId="65eda292-c26d-43e8-90ea-21f06ef48a7a" testListId="8c84fa94-04c1-424b-9868-57a2d4851a1d" />
    <TestEntry testId="38d3302b-d51b-fe18-3dda-8fc6e5876cdb" executionId="b4ccd70a-b8fe-4196-9c91-3f1fdd569496" testListId="8c84fa94-04c1-424b-9868-57a2d4851a1d" />
    <TestEntry testId="aa8c5814-28e1-dbe8-b20d-a761d402e385" executionId="e6a2cb4f-369b-431a-ad42-50f3c67a8486" testListId="8c84fa94-04c1-424b-9868-57a2d4851a1d" />
    <TestEntry testId="73abe3d4-07d6-9c65-b90a-579adb3e7c4e" executionId="c642dae8-49c2-42e8-9d80-c22a1b10a641" testListId="8c84fa94-04c1-424b-9868-57a2d4851a1d" />
    <TestEntry testId="01bc3942-397c-0424-f6d8-5fbf0d2bb099" executionId="702cbe80-6436-4b79-8c4c-466f26cbda5f" testListId="8c84fa94-04c1-424b-9868-57a2d4851a1d" />
    <TestEntry testId="82bb23a2-6002-407a-219a-a48a8fc2036f" executionId="7e4a842a-cd4d-44ab-883d-79032f241d1d" testListId="8c84fa94-04c1-424b-9868-57a2d4851a1d" />
  </TestEntries>
  <Results>
    <UnitTestResult executionId="cba5a422-daf4-42d1-ba3f-0ccdc0708513" testId="e08206ed-4d8b-1cd4-d0ed-b0496a271624" testName="setZipTest" computerName="JUSTIN-PC" duration="00:00:00.0179416" startTime="2012-12-02T10:01:14.6157422-06:00" endTime="2012-12-02T10:01:15.1548047-06:00" testType="13cdc9d9-ddb5-4fa4-a97d-d965ccfc6d4b" outcome="Passed" testListId="8c84fa94-04c1-424b-9868-57a2d4851a1d" relativeResultsDirectory="cba5a422-daf4-42d1-ba3f-0ccdc0708513">
    </UnitTestResult>
    <UnitTestResult executionId="cade6eaa-597d-482d-aaa4-fac028949162" testId="35344a51-9ffa-e218-80f9-c24e8fcee0c2" testName="setStateTest" computerName="JUSTIN-PC" duration="00:00:00.0003922" startTime="2012-12-02T10:01:15.1626172-06:00" endTime="2012-12-02T10:01:15.1704297-06:00" testType="13cdc9d9-ddb5-4fa4-a97d-d965ccfc6d4b" outcome="Passed" testListId="8c84fa94-04c1-424b-9868-57a2d4851a1d" relativeResultsDirectory="cade6eaa-597d-482d-aaa4-fac028949162">
    </UnitTestResult>
    <UnitTestResult executionId="0434d276-3a8d-4dde-ad3c-29afb4147032" testId="beac8f2c-890b-f3e1-6cca-6d307c14c27a" testName="setNumberTest" computerName="JUSTIN-PC" duration="00:00:00.0003972" startTime="2012-12-02T10:01:15.1704297-06:00" endTime="2012-12-02T10:01:15.1860547-06:00" testType="13cdc9d9-ddb5-4fa4-a97d-d965ccfc6d4b" outcome="Passed" testListId="8c84fa94-04c1-424b-9868-57a2d4851a1d" relativeResultsDirectory="0434d276-3a8d-4dde-ad3c-29afb4147032">
    </UnitTestResult>
    <UnitTestResult executionId="6dbd86b8-562e-4c0f-b64f-c8e11c49ceb3" testId="f0412e44-6fec-8bd8-23a9-d77c8cba5a2f" testName="setNameTest" computerName="JUSTIN-PC" duration="00:00:00.0004886" startTime="2012-12-02T10:01:15.1860547-06:00" endTime="2012-12-02T10:01:15.1938672-06:00" testType="13cdc9d9-ddb5-4fa4-a97d-d965ccfc6d4b" outcome="Passed" testListId="8c84fa94-04c1-424b-9868-57a2d4851a1d" relativeResultsDirectory="6dbd86b8-562e-4c0f-b64f-c8e11c49ceb3">
    </UnitTestResult>
    <UnitTestResult executionId="d0aef2cb-94a7-4b4a-ba84-e048ce7e234a" testId="0c3a2482-98fc-486a-fe15-6e953db2803b" testName="setAddressTest" computerName="JUSTIN-PC" duration="00:00:00.0003226" startTime="2012-12-02T10:01:15.2016797-06:00" endTime="2012-12-02T10:01:15.2094922-06:00" testType="13cdc9d9-ddb5-4fa4-a97d-d965ccfc6d4b" outcome="Passed" testListId="8c84fa94-04c1-424b-9868-57a2d4851a1d" relativeResultsDirectory="d0aef2cb-94a7-4b4a-ba84-e048ce7e234a">
    </UnitTestResult>
    <UnitTestResult executionId="807dbdda-3bc0-4ccc-9baa-9edccf7dcfde" testId="f3e619c4-033e-1701-a2ae-7a9955055f50" testName="PersonConstructorTest" computerName="JUSTIN-PC" duration="00:00:00.0003086" startTime="2012-12-02T10:01:15.2173047-06:00" endTime="2012-12-02T10:01:15.2251172-06:00" testType="13cdc9d9-ddb5-4fa4-a97d-d965ccfc6d4b" outcome="Passed" testListId="8c84fa94-04c1-424b-9868-57a2d4851a1d" relativeResultsDirectory="807dbdda-3bc0-4ccc-9baa-9edccf7dcfde">
    </UnitTestResult>
    <UnitTestResult executionId="09b10973-c1cd-4724-bf34-c624e0736443" testId="d398e9c1-fb4c-15e0-d0c4-aac0ba34194f" testName="AddressBookConstructorTest" computerName="JUSTIN-PC" duration="00:00:06.3812280" startTime="2012-12-02T10:01:15.2251172-06:00" endTime="2012-12-02T10:01:21.6235547-06:00" testType="13cdc9d9-ddb5-4fa4-a97d-d965ccfc6d4b" outcome="Inconclusive" testListId="8c84fa94-04c1-424b-9868-57a2d4851a1d" relativeResultsDirectory="09b10973-c1cd-4724-bf34-c624e0736443">
      <Output>
        <ErrorInfo>
          <Message>Assert.Inconclusive failed. TODO: Implement code to verify target</Message>
          <StackTrace>   at TestProject1.AddressBookTest.AddressBookConstructorTest() in C:\Users\Justin\Documents\Visual Studio 2010\Projects\302FinalProject\TestProject1\AddressBookTest.cs:line 71
</StackTrace>
        </ErrorInfo>
      </Output>
    </UnitTestResult>
    <UnitTestResult executionId="98201818-1f91-4a3f-8336-47da93c27c3f" testId="745bf10e-17c0-cd48-3e5b-57c54e907349" testName="addUserTest" computerName="JUSTIN-PC" duration="00:00:07.1049043" startTime="2012-12-02T10:01:21.6235547-06:00" endTime="2012-12-02T10:01:28.7485547-06:00" testType="13cdc9d9-ddb5-4fa4-a97d-d965ccfc6d4b" outcome="Inconclusive" testListId="8c84fa94-04c1-424b-9868-57a2d4851a1d" relativeResultsDirectory="98201818-1f91-4a3f-8336-47da93c27c3f">
      <Output>
        <ErrorInfo>
          <Message>Assert.Inconclusive failed. A method that does not return a value cannot be verified.</Message>
          <StackTrace>   at TestProject1.AddressBookTest.addUserTest() in C:\Users\Justin\Documents\Visual Studio 2010\Projects\302FinalProject\TestProject1\AddressBookTest.cs:line 83
</StackTrace>
        </ErrorInfo>
      </Output>
    </UnitTestResult>
    <UnitTestResult executionId="c22ab5dc-00a5-430f-a11c-61f573cf9482" testId="be5aa915-3067-9536-c8cf-e11ad7665f45" testName="removeUserTest" computerName="JUSTIN-PC" duration="00:00:01.3835495" startTime="2012-12-02T10:01:28.7563672-06:00" endTime="2012-12-02T10:01:30.1548047-06:00" testType="13cdc9d9-ddb5-4fa4-a97d-d965ccfc6d4b" outcome="Inconclusive" testListId="8c84fa94-04c1-424b-9868-57a2d4851a1d" relativeResultsDirectory="c22ab5dc-00a5-430f-a11c-61f573cf9482">
      <Output>
        <ErrorInfo>
          <Message>Assert.Inconclusive failed. A method that does not return a value cannot be verified.</Message>
          <StackTrace>   at TestProject1.AddressBookTest.removeUserTest() in C:\Users\Justin\Documents\Visual Studio 2010\Projects\302FinalProject\TestProject1\AddressBookTest.cs:line 95
</StackTrace>
        </ErrorInfo>
      </Output>
    </UnitTestResult>
    <UnitTestResult executionId="1fa272e8-7e15-4dd4-b804-02962725a8ff" testId="0c952f85-7698-9406-1081-1831b617ec8e" testName="MainWindowConstructorTest" computerName="JUSTIN-PC" duration="00:00:00.2036809" startTime="2012-12-02T10:01:30.1548047-06:00" endTime="2012-12-02T10:01:30.3735547-06:00" testType="13cdc9d9-ddb5-4fa4-a97d-d965ccfc6d4b" outcome="Passed" testListId="8c84fa94-04c1-424b-9868-57a2d4851a1d" relativeResultsDirectory="1fa272e8-7e15-4dd4-b804-02962725a8ff">
    </UnitTestResult>
    <UnitTestResult executionId="b3516736-6f08-46f7-b8fd-77d407f6b7b0" testId="ce675689-d2d7-0cdd-c0ea-eeaf2b96779a" testName="AddPerson_ClickTest" computerName="JUSTIN-PC" duration="00:00:00.0211909" startTime="2012-12-02T10:01:30.3735547-06:00" endTime="2012-12-02T10:01:30.4048047-06:00" testType="13cdc9d9-ddb5-4fa4-a97d-d965ccfc6d4b" outcome="Passed" testListId="8c84fa94-04c1-424b-9868-57a2d4851a1d" relativeResultsDirectory="b3516736-6f08-46f7-b8fd-77d407f6b7b0">
    </UnitTestResult>
    <UnitTestResult executionId="65eda292-c26d-43e8-90ea-21f06ef48a7a" testId="2ff40d63-a64f-49cb-833c-a28ef9755bc4" testName="InitializeComponentTest" computerName="JUSTIN-PC" duration="00:00:00.0092553" startTime="2012-12-02T10:01:30.4282422-06:00" endTime="2012-12-02T10:01:30.4438672-06:00" testType="13cdc9d9-ddb5-4fa4-a97d-d965ccfc6d4b" outcome="Passed" testListId="8c84fa94-04c1-424b-9868-57a2d4851a1d" relativeResultsDirectory="65eda292-c26d-43e8-90ea-21f06ef48a7a">
    </UnitTestResult>
    <UnitTestResult executionId="b4ccd70a-b8fe-4196-9c91-3f1fdd569496" testId="38d3302b-d51b-fe18-3dda-8fc6e5876cdb" testName="RemovePerson_ClickTest" computerName="JUSTIN-PC" duration="00:00:00.0106242" startTime="2012-12-02T10:01:30.4516797-06:00" endTime="2012-12-02T10:01:30.4673047-06:00" testType="13cdc9d9-ddb5-4fa4-a97d-d965ccfc6d4b" outcome="Passed" testListId="8c84fa94-04c1-424b-9868-57a2d4851a1d" relativeResultsDirectory="b4ccd70a-b8fe-4196-9c91-3f1fdd569496">
    </UnitTestResult>
    <UnitTestResult executionId="e6a2cb4f-369b-431a-ad42-50f3c67a8486" testId="aa8c5814-28e1-dbe8-b20d-a761d402e385" testName="ConnectTest" computerName="JUSTIN-PC" duration="00:00:00.0081865" startTime="2012-12-02T10:01:30.4751172-06:00" endTime="2012-12-02T10:01:30.4907422-06:00" testType="13cdc9d9-ddb5-4fa4-a97d-d965ccfc6d4b" outcome="Passed" testListId="8c84fa94-04c1-424b-9868-57a2d4851a1d" relativeResultsDirectory="e6a2cb4f-369b-431a-ad42-50f3c67a8486">
    </UnitTestResult>
    <UnitTestResult executionId="c642dae8-49c2-42e8-9d80-c22a1b10a641" testId="73abe3d4-07d6-9c65-b90a-579adb3e7c4e" testName="button1_ClickTest" computerName="JUSTIN-PC" duration="00:00:00.0090117" startTime="2012-12-02T10:01:30.4907422-06:00" endTime="2012-12-02T10:01:30.5141797-06:00" testType="13cdc9d9-ddb5-4fa4-a97d-d965ccfc6d4b" outcome="Passed" testListId="8c84fa94-04c1-424b-9868-57a2d4851a1d" relativeResultsDirectory="c642dae8-49c2-42e8-9d80-c22a1b10a641">
    </UnitTestResult>
    <UnitTestResult executionId="702cbe80-6436-4b79-8c4c-466f26cbda5f" testId="01bc3942-397c-0424-f6d8-5fbf0d2bb099" testName="button2_ClickTest" computerName="JUSTIN-PC" duration="00:00:00.0097244" startTime="2012-12-02T10:01:30.5141797-06:00" endTime="2012-12-02T10:01:30.5376172-06:00" testType="13cdc9d9-ddb5-4fa4-a97d-d965ccfc6d4b" outcome="Passed" testListId="8c84fa94-04c1-424b-9868-57a2d4851a1d" relativeResultsDirectory="702cbe80-6436-4b79-8c4c-466f26cbda5f">
    </UnitTestResult>
    <UnitTestResult executionId="7e4a842a-cd4d-44ab-883d-79032f241d1d" testId="82bb23a2-6002-407a-219a-a48a8fc2036f" testName="button3_ClickTest" computerName="JUSTIN-PC" duration="00:00:00.0092106" startTime="2012-12-02T10:01:30.5376172-06:00" endTime="2012-12-02T10:01:30.5532422-06:00" testType="13cdc9d9-ddb5-4fa4-a97d-d965ccfc6d4b" outcome="Passed" testListId="8c84fa94-04c1-424b-9868-57a2d4851a1d" relativeResultsDirectory="7e4a842a-cd4d-44ab-883d-79032f241d1d">
    </UnitTestResult>
  </Results>
</TestRun>