<?xml version="1.0" encoding="UTF-8"?>
<TestRun id="c758ac29-dcac-4573-916f-24b83685c8ab" name="Justin@JUSTIN-PC 2012-12-02 09:39:15" runUser="Justin-PC\Justin" xmlns="http://microsoft.com/schemas/VisualStudio/TeamTest/2010">
  <TestSettings name="Local" id="a6c1648d-c4df-43a5-b2cf-5f0c25ecb43c">
    <Description>These are default test settings for a local test run.</Description>
    <Deployment enabled="false" runDeploymentRoot="Justin_JUSTIN-PC 2012-12-02 09_39_15">
      <DeploymentItem filename="C:\Users\Justin\Documents\Visual Studio 2010\Projects\302FinalProject\302FinalProject\bin\Debug\302FinalProject.exe" />
    </Deployment>
    <Execution>
      <TestTypeSpecific />
      <AgentRule name="Execution Agents">
      </AgentRule>
    </Execution>
  </TestSettings>
  <Times creation="2012-12-02T09:39:15.8149610-06:00" queuing="2012-12-02T09:39:17.2983594-06:00" start="2012-12-02T09:39:17.3530469-06:00" finish="2012-12-02T09:39:29.5405469-06:00" />
  <ResultSummary outcome="Failed">
    <Counters total="17" executed="17" passed="15" error="0" failed="2" timeout="0" aborted="0" inconclusive="0" passedButRunAborted="0" notRunnable="0" notExecuted="0" disconnected="0" warning="0" completed="0" inProgress="0" pending="0" />
    <RunInfos>
      <RunInfo computerName="JUSTIN-PC" outcome="Warning" timestamp="2012-12-02T09:39:15.8510938-06:00">
        <Text>Deployment is currently disabled. The deployment item '302FinalProject.exe' on test 'TestProject1.MainWindowTest.RemovePerson_ClickTest' was not deployed.</Text>
      </RunInfo>
    </RunInfos>
  </ResultSummary>
  <TestDefinitions>
    <UnitTest name="RemovePerson_ClickTest" storage="c:\users\justin\documents\visual studio 2010\projects\302finalproject\testproject1\bin\debug\testproject1.dll" id="38d3302b-d51b-fe18-3dda-8fc6e5876cdb">
      <DeploymentItems>
        <DeploymentItem filename="302FinalProject.exe" />
      </DeploymentItems>
      <Execution id="e207e29a-35cf-4fa4-b82a-c309c9bc9eec" />
      <TestMethod codeBase="C:/Users/Justin/Documents/Visual Studio 2010/Projects/302FinalProject/TestProject1/bin/Debug/TestProject1.DLL" adapterTypeName="Microsoft.VisualStudio.TestTools.TestTypes.Unit.UnitTestAdapter, Microsoft.VisualStudio.QualityTools.Tips.UnitTest.Adapter, Version=10.0.0.0, Culture=neutral, PublicKeyToken=b03f5f7f11d50a3a" className="TestProject1.MainWindowTest, TestProject1, Version=1.0.0.0, Culture=neutral, PublicKeyToken=null" name="RemovePerson_ClickTest" />
    </UnitTest>
    <UnitTest name="AddPerson_ClickTest" storage="c:\users\justin\documents\visual studio 2010\projects\302finalproject\testproject1\bin\debug\testproject1.dll" id="ce675689-d2d7-0cdd-c0ea-eeaf2b96779a">
      <DeploymentItems>
        <DeploymentItem filename="302FinalProject.exe" />
      </DeploymentItems>
      <Execution id="e4ffe8b6-c244-4e89-b0ec-9aa8024aa7e8" />
      <TestMethod codeBase="C:/Users/Justin/Documents/Visual Studio 2010/Projects/302FinalProject/TestProject1/bin/Debug/TestProject1.DLL" adapterTypeName="Microsoft.VisualStudio.TestTools.TestTypes.Unit.UnitTestAdapter, Microsoft.VisualStudio.QualityTools.Tips.UnitTest.Adapter, Version=10.0.0.0, Culture=neutral, PublicKeyToken=b03f5f7f11d50a3a" className="TestProject1.MainWindowTest, TestProject1, Version=1.0.0.0, Culture=neutral, PublicKeyToken=null" name="AddPerson_ClickTest" />
    </UnitTest>
    <UnitTest name="button3_ClickTest" storage="c:\users\justin\documents\visual studio 2010\projects\302finalproject\testproject1\bin\debug\testproject1.dll" id="82bb23a2-6002-407a-219a-a48a8fc2036f">
      <DeploymentItems>
        <DeploymentItem filename="302FinalProject.exe" />
      </DeploymentItems>
      <Execution id="271de1a6-d00c-4be5-b2f5-2bc9b41ca580" />
      <TestMethod codeBase="C:/Users/Justin/Documents/Visual Studio 2010/Projects/302FinalProject/TestProject1/bin/Debug/TestProject1.DLL" adapterTypeName="Microsoft.VisualStudio.TestTools.TestTypes.Unit.UnitTestAdapter, Microsoft.VisualStudio.QualityTools.Tips.UnitTest.Adapter, Version=10.0.0.0, Culture=neutral, PublicKeyToken=b03f5f7f11d50a3a" className="TestProject1.MainWindowTest, TestProject1, Version=1.0.0.0, Culture=neutral, PublicKeyToken=null" name="button3_ClickTest" />
    </UnitTest>
    <UnitTest name="MainWindowConstructorTest" storage="c:\users\justin\documents\visual studio 2010\projects\302finalproject\testproject1\bin\debug\testproject1.dll" id="0c952f85-7698-9406-1081-1831b617ec8e">
      <Execution id="4fb0a337-e8f7-4114-9e79-c3e9161db0af" />
      <TestMethod codeBase="C:/Users/Justin/Documents/Visual Studio 2010/Projects/302FinalProject/TestProject1/bin/Debug/TestProject1.DLL" adapterTypeName="Microsoft.VisualStudio.TestTools.TestTypes.Unit.UnitTestAdapter, Microsoft.VisualStudio.QualityTools.Tips.UnitTest.Adapter, Version=10.0.0.0, Culture=neutral, PublicKeyToken=b03f5f7f11d50a3a" className="TestProject1.MainWindowTest, TestProject1, Version=1.0.0.0, Culture=neutral, PublicKeyToken=null" name="MainWindowConstructorTest" />
    </UnitTest>
    <UnitTest name="removeUserTest" storage="c:\users\justin\documents\visual studio 2010\projects\302finalproject\testproject1\bin\debug\testproject1.dll" id="be5aa915-3067-9536-c8cf-e11ad7665f45">
      <Execution id="b6d8ceab-39e7-45a9-86bf-edca908ee3ce" />
      <TestMethod codeBase="C:/Users/Justin/Documents/Visual Studio 2010/Projects/302FinalProject/TestProject1/bin/Debug/TestProject1.DLL" adapterTypeName="Microsoft.VisualStudio.TestTools.TestTypes.Unit.UnitTestAdapter, Microsoft.VisualStudio.QualityTools.Tips.UnitTest.Adapter, Version=10.0.0.0, Culture=neutral, PublicKeyToken=b03f5f7f11d50a3a" className="TestProject1.AddressBookTest, TestProject1, Version=1.0.0.0, Culture=neutral, PublicKeyToken=null" name="removeUserTest" />
    </UnitTest>
    <UnitTest name="setZipTest" storage="c:\users\justin\documents\visual studio 2010\projects\302finalproject\testproject1\bin\debug\testproject1.dll" id="e08206ed-4d8b-1cd4-d0ed-b0496a271624">
      <Execution id="33bf2006-119e-4988-987c-efd113e6f0a8" />
      <TestMethod codeBase="C:/Users/Justin/Documents/Visual Studio 2010/Projects/302FinalProject/TestProject1/bin/Debug/TestProject1.DLL" adapterTypeName="Microsoft.VisualStudio.TestTools.TestTypes.Unit.UnitTestAdapter, Microsoft.VisualStudio.QualityTools.Tips.UnitTest.Adapter, Version=10.0.0.0, Culture=neutral, PublicKeyToken=b03f5f7f11d50a3a" className="TestProject1.PersonTest, TestProject1, Version=1.0.0.0, Culture=neutral, PublicKeyToken=null" name="setZipTest" />
    </UnitTest>
    <UnitTest name="AddressBookConstructorTest" storage="c:\users\justin\documents\visual studio 2010\projects\302finalproject\testproject1\bin\debug\testproject1.dll" id="d398e9c1-fb4c-15e0-d0c4-aac0ba34194f">
      <Execution id="d785baeb-e24e-49cc-b6fd-6b324af01f0a" />
      <TestMethod codeBase="C:/Users/Justin/Documents/Visual Studio 2010/Projects/302FinalProject/TestProject1/bin/Debug/TestProject1.DLL" adapterTypeName="Microsoft.VisualStudio.TestTools.TestTypes.Unit.UnitTestAdapter, Microsoft.VisualStudio.QualityTools.Tips.UnitTest.Adapter, Version=10.0.0.0, Culture=neutral, PublicKeyToken=b03f5f7f11d50a3a" className="TestProject1.AddressBookTest, TestProject1, Version=1.0.0.0, Culture=neutral, PublicKeyToken=null" name="AddressBookConstructorTest" />
    </UnitTest>
    <UnitTest name="InitializeComponentTest" storage="c:\users\justin\documents\visual studio 2010\projects\302finalproject\testproject1\bin\debug\testproject1.dll" id="2ff40d63-a64f-49cb-833c-a28ef9755bc4">
      <Execution id="9fd9f2f0-200e-4dba-bbde-fcd30f91e2e2" />
      <TestMethod codeBase="C:/Users/Justin/Documents/Visual Studio 2010/Projects/302FinalProject/TestProject1/bin/Debug/TestProject1.DLL" adapterTypeName="Microsoft.VisualStudio.TestTools.TestTypes.Unit.UnitTestAdapter, Microsoft.VisualStudio.QualityTools.Tips.UnitTest.Adapter, Version=10.0.0.0, Culture=neutral, PublicKeyToken=b03f5f7f11d50a3a" className="TestProject1.MainWindowTest, TestProject1, Version=1.0.0.0, Culture=neutral, PublicKeyToken=null" name="InitializeComponentTest" />
    </UnitTest>
    <UnitTest name="button2_ClickTest" storage="c:\users\justin\documents\visual studio 2010\projects\302finalproject\testproject1\bin\debug\testproject1.dll" id="01bc3942-397c-0424-f6d8-5fbf0d2bb099">
      <DeploymentItems>
        <DeploymentItem filename="302FinalProject.exe" />
      </DeploymentItems>
      <Execution id="98025f90-734e-4ed0-87c2-1b7565623393" />
      <TestMethod codeBase="C:/Users/Justin/Documents/Visual Studio 2010/Projects/302FinalProject/TestProject1/bin/Debug/TestProject1.DLL" adapterTypeName="Microsoft.VisualStudio.TestTools.TestTypes.Unit.UnitTestAdapter, Microsoft.VisualStudio.QualityTools.Tips.UnitTest.Adapter, Version=10.0.0.0, Culture=neutral, PublicKeyToken=b03f5f7f11d50a3a" className="TestProject1.MainWindowTest, TestProject1, Version=1.0.0.0, Culture=neutral, PublicKeyToken=null" name="button2_ClickTest" />
    </UnitTest>
    <UnitTest name="button1_ClickTest" storage="c:\users\justin\documents\visual studio 2010\projects\302finalproject\testproject1\bin\debug\testproject1.dll" id="73abe3d4-07d6-9c65-b90a-579adb3e7c4e">
      <DeploymentItems>
        <DeploymentItem filename="302FinalProject.exe" />
      </DeploymentItems>
      <Execution id="26b1afb9-c289-4efa-8419-22f213bf77b5" />
      <TestMethod codeBase="C:/Users/Justin/Documents/Visual Studio 2010/Projects/302FinalProject/TestProject1/bin/Debug/TestProject1.DLL" adapterTypeName="Microsoft.VisualStudio.TestTools.TestTypes.Unit.UnitTestAdapter, Microsoft.VisualStudio.QualityTools.Tips.UnitTest.Adapter, Version=10.0.0.0, Culture=neutral, PublicKeyToken=b03f5f7f11d50a3a" className="TestProject1.MainWindowTest, TestProject1, Version=1.0.0.0, Culture=neutral, PublicKeyToken=null" name="button1_ClickTest" />
    </UnitTest>
    <UnitTest name="setStateTest" storage="c:\users\justin\documents\visual studio 2010\projects\302finalproject\testproject1\bin\debug\testproject1.dll" id="35344a51-9ffa-e218-80f9-c24e8fcee0c2">
      <Execution id="1c8026fe-0f45-401f-90b4-7032acf5e304" />
      <TestMethod codeBase="C:/Users/Justin/Documents/Visual Studio 2010/Projects/302FinalProject/TestProject1/bin/Debug/TestProject1.DLL" adapterTypeName="Microsoft.VisualStudio.TestTools.TestTypes.Unit.UnitTestAdapter, Microsoft.VisualStudio.QualityTools.Tips.UnitTest.Adapter, Version=10.0.0.0, Culture=neutral, PublicKeyToken=b03f5f7f11d50a3a" className="TestProject1.PersonTest, TestProject1, Version=1.0.0.0, Culture=neutral, PublicKeyToken=null" name="setStateTest" />
    </UnitTest>
    <UnitTest name="addUserTest" storage="c:\users\justin\documents\visual studio 2010\projects\302finalproject\testproject1\bin\debug\testproject1.dll" id="745bf10e-17c0-cd48-3e5b-57c54e907349">
      <Execution id="57e1acd1-802c-4b6f-a68e-916735b03eee" />
      <TestMethod codeBase="C:/Users/Justin/Documents/Visual Studio 2010/Projects/302FinalProject/TestProject1/bin/Debug/TestProject1.DLL" adapterTypeName="Microsoft.VisualStudio.TestTools.TestTypes.Unit.UnitTestAdapter, Microsoft.VisualStudio.QualityTools.Tips.UnitTest.Adapter, Version=10.0.0.0, Culture=neutral, PublicKeyToken=b03f5f7f11d50a3a" className="TestProject1.AddressBookTest, TestProject1, Version=1.0.0.0, Culture=neutral, PublicKeyToken=null" name="addUserTest" />
    </UnitTest>
    <UnitTest name="ConnectTest" storage="c:\users\justin\documents\visual studio 2010\projects\302finalproject\testproject1\bin\debug\testproject1.dll" id="aa8c5814-28e1-dbe8-b20d-a761d402e385">
      <DeploymentItems>
        <DeploymentItem filename="302FinalProject.exe" />
      </DeploymentItems>
      <Execution id="5af42835-16e2-4dfb-84b9-a1bbf5bd8b2d" />
      <TestMethod codeBase="C:/Users/Justin/Documents/Visual Studio 2010/Projects/302FinalProject/TestProject1/bin/Debug/TestProject1.DLL" adapterTypeName="Microsoft.VisualStudio.TestTools.TestTypes.Unit.UnitTestAdapter, Microsoft.VisualStudio.QualityTools.Tips.UnitTest.Adapter, Version=10.0.0.0, Culture=neutral, PublicKeyToken=b03f5f7f11d50a3a" className="TestProject1.MainWindowTest, TestProject1, Version=1.0.0.0, Culture=neutral, PublicKeyToken=null" name="ConnectTest" />
    </UnitTest>
    <UnitTest name="PersonConstructorTest" storage="c:\users\justin\documents\visual studio 2010\projects\302finalproject\testproject1\bin\debug\testproject1.dll" id="f3e619c4-033e-1701-a2ae-7a9955055f50">
      <Execution id="37d584d6-f4a4-468f-9e31-04644187b477" />
      <TestMethod codeBase="C:/Users/Justin/Documents/Visual Studio 2010/Projects/302FinalProject/TestProject1/bin/Debug/TestProject1.DLL" adapterTypeName="Microsoft.VisualStudio.TestTools.TestTypes.Unit.UnitTestAdapter, Microsoft.VisualStudio.QualityTools.Tips.UnitTest.Adapter, Version=10.0.0.0, Culture=neutral, PublicKeyToken=b03f5f7f11d50a3a" className="TestProject1.PersonTest, TestProject1, Version=1.0.0.0, Culture=neutral, PublicKeyToken=null" name="PersonConstructorTest" />
    </UnitTest>
    <UnitTest name="setAddressTest" storage="c:\users\justin\documents\visual studio 2010\projects\302finalproject\testproject1\bin\debug\testproject1.dll" id="0c3a2482-98fc-486a-fe15-6e953db2803b">
      <Execution id="deb433a2-73de-44ea-95cf-662db215b0ed" />
      <TestMethod codeBase="C:/Users/Justin/Documents/Visual Studio 2010/Projects/302FinalProject/TestProject1/bin/Debug/TestProject1.DLL" adapterTypeName="Microsoft.VisualStudio.TestTools.TestTypes.Unit.UnitTestAdapter, Microsoft.VisualStudio.QualityTools.Tips.UnitTest.Adapter, Version=10.0.0.0, Culture=neutral, PublicKeyToken=b03f5f7f11d50a3a" className="TestProject1.PersonTest, TestProject1, Version=1.0.0.0, Culture=neutral, PublicKeyToken=null" name="setAddressTest" />
    </UnitTest>
    <UnitTest name="setNumberTest" storage="c:\users\justin\documents\visual studio 2010\projects\302finalproject\testproject1\bin\debug\testproject1.dll" id="beac8f2c-890b-f3e1-6cca-6d307c14c27a">
      <Execution id="544215c7-f394-450f-bc19-c7b25c6ee7b3" />
      <TestMethod codeBase="C:/Users/Justin/Documents/Visual Studio 2010/Projects/302FinalProject/TestProject1/bin/Debug/TestProject1.DLL" adapterTypeName="Microsoft.VisualStudio.TestTools.TestTypes.Unit.UnitTestAdapter, Microsoft.VisualStudio.QualityTools.Tips.UnitTest.Adapter, Version=10.0.0.0, Culture=neutral, PublicKeyToken=b03f5f7f11d50a3a" className="TestProject1.PersonTest, TestProject1, Version=1.0.0.0, Culture=neutral, PublicKeyToken=null" name="setNumberTest" />
    </UnitTest>
    <UnitTest name="setNameTest" storage="c:\users\justin\documents\visual studio 2010\projects\302finalproject\testproject1\bin\debug\testproject1.dll" id="f0412e44-6fec-8bd8-23a9-d77c8cba5a2f">
      <Execution id="864d0090-5047-46c4-959f-10b0b7c7825f" />
      <TestMethod codeBase="C:/Users/Justin/Documents/Visual Studio 2010/Projects/302FinalProject/TestProject1/bin/Debug/TestProject1.DLL" adapterTypeName="Microsoft.VisualStudio.TestTools.TestTypes.Unit.UnitTestAdapter, Microsoft.VisualStudio.QualityTools.Tips.UnitTest.Adapter, Version=10.0.0.0, Culture=neutral, PublicKeyToken=b03f5f7f11d50a3a" className="TestProject1.PersonTest, TestProject1, Version=1.0.0.0, Culture=neutral, PublicKeyToken=null" name="setNameTest" />
    </UnitTest>
  </TestDefinitions>
  <TestLists>
    <TestList name="Results Not in a List" id="8c84fa94-04c1-424b-9868-57a2d4851a1d" />
    <TestList name="All Loaded Results" id="19431567-8539-422a-85d7-44ee4e166bda" />
  </TestLists>
  <TestEntries>
    <TestEntry testId="e08206ed-4d8b-1cd4-d0ed-b0496a271624" executionId="33bf2006-119e-4988-987c-efd113e6f0a8" testListId="8c84fa94-04c1-424b-9868-57a2d4851a1d" />
    <TestEntry testId="35344a51-9ffa-e218-80f9-c24e8fcee0c2" executionId="1c8026fe-0f45-401f-90b4-7032acf5e304" testListId="8c84fa94-04c1-424b-9868-57a2d4851a1d" />
    <TestEntry testId="beac8f2c-890b-f3e1-6cca-6d307c14c27a" executionId="544215c7-f394-450f-bc19-c7b25c6ee7b3" testListId="8c84fa94-04c1-424b-9868-57a2d4851a1d" />
    <TestEntry testId="f0412e44-6fec-8bd8-23a9-d77c8cba5a2f" executionId="864d0090-5047-46c4-959f-10b0b7c7825f" testListId="8c84fa94-04c1-424b-9868-57a2d4851a1d" />
    <TestEntry testId="0c3a2482-98fc-486a-fe15-6e953db2803b" executionId="deb433a2-73de-44ea-95cf-662db215b0ed" testListId="8c84fa94-04c1-424b-9868-57a2d4851a1d" />
    <TestEntry testId="f3e619c4-033e-1701-a2ae-7a9955055f50" executionId="37d584d6-f4a4-468f-9e31-04644187b477" testListId="8c84fa94-04c1-424b-9868-57a2d4851a1d" />
    <TestEntry testId="d398e9c1-fb4c-15e0-d0c4-aac0ba34194f" executionId="d785baeb-e24e-49cc-b6fd-6b324af01f0a" testListId="8c84fa94-04c1-424b-9868-57a2d4851a1d" />
    <TestEntry testId="745bf10e-17c0-cd48-3e5b-57c54e907349" executionId="57e1acd1-802c-4b6f-a68e-916735b03eee" testListId="8c84fa94-04c1-424b-9868-57a2d4851a1d" />
    <TestEntry testId="be5aa915-3067-9536-c8cf-e11ad7665f45" executionId="b6d8ceab-39e7-45a9-86bf-edca908ee3ce" testListId="8c84fa94-04c1-424b-9868-57a2d4851a1d" />
    <TestEntry testId="0c952f85-7698-9406-1081-1831b617ec8e" executionId="4fb0a337-e8f7-4114-9e79-c3e9161db0af" testListId="8c84fa94-04c1-424b-9868-57a2d4851a1d" />
    <TestEntry testId="ce675689-d2d7-0cdd-c0ea-eeaf2b96779a" executionId="e4ffe8b6-c244-4e89-b0ec-9aa8024aa7e8" testListId="8c84fa94-04c1-424b-9868-57a2d4851a1d" />
    <TestEntry testId="2ff40d63-a64f-49cb-833c-a28ef9755bc4" executionId="9fd9f2f0-200e-4dba-bbde-fcd30f91e2e2" testListId="8c84fa94-04c1-424b-9868-57a2d4851a1d" />
    <TestEntry testId="38d3302b-d51b-fe18-3dda-8fc6e5876cdb" executionId="e207e29a-35cf-4fa4-b82a-c309c9bc9eec" testListId="8c84fa94-04c1-424b-9868-57a2d4851a1d" />
    <TestEntry testId="aa8c5814-28e1-dbe8-b20d-a761d402e385" executionId="5af42835-16e2-4dfb-84b9-a1bbf5bd8b2d" testListId="8c84fa94-04c1-424b-9868-57a2d4851a1d" />
    <TestEntry testId="73abe3d4-07d6-9c65-b90a-579adb3e7c4e" executionId="26b1afb9-c289-4efa-8419-22f213bf77b5" testListId="8c84fa94-04c1-424b-9868-57a2d4851a1d" />
    <TestEntry testId="01bc3942-397c-0424-f6d8-5fbf0d2bb099" executionId="98025f90-734e-4ed0-87c2-1b7565623393" testListId="8c84fa94-04c1-424b-9868-57a2d4851a1d" />
    <TestEntry testId="82bb23a2-6002-407a-219a-a48a8fc2036f" executionId="271de1a6-d00c-4be5-b2f5-2bc9b41ca580" testListId="8c84fa94-04c1-424b-9868-57a2d4851a1d" />
  </TestEntries>
  <Results>
    <UnitTestResult executionId="33bf2006-119e-4988-987c-efd113e6f0a8" testId="e08206ed-4d8b-1cd4-d0ed-b0496a271624" testName="setZipTest" computerName="JUSTIN-PC" duration="00:00:00.0177927" startTime="2012-12-02T09:39:17.3921094-06:00" endTime="2012-12-02T09:39:17.9389844-06:00" testType="13cdc9d9-ddb5-4fa4-a97d-d965ccfc6d4b" outcome="Passed" testListId="8c84fa94-04c1-424b-9868-57a2d4851a1d" relativeResultsDirectory="33bf2006-119e-4988-987c-efd113e6f0a8">
    </UnitTestResult>
    <UnitTestResult executionId="1c8026fe-0f45-401f-90b4-7032acf5e304" testId="35344a51-9ffa-e218-80f9-c24e8fcee0c2" testName="setStateTest" computerName="JUSTIN-PC" duration="00:00:00.0003718" startTime="2012-12-02T09:39:17.9624219-06:00" endTime="2012-12-02T09:39:17.9702344-06:00" testType="13cdc9d9-ddb5-4fa4-a97d-d965ccfc6d4b" outcome="Passed" testListId="8c84fa94-04c1-424b-9868-57a2d4851a1d" relativeResultsDirectory="1c8026fe-0f45-401f-90b4-7032acf5e304">
    </UnitTestResult>
    <UnitTestResult executionId="544215c7-f394-450f-bc19-c7b25c6ee7b3" testId="beac8f2c-890b-f3e1-6cca-6d307c14c27a" testName="setNumberTest" computerName="JUSTIN-PC" duration="00:00:00.0003992" startTime="2012-12-02T09:39:17.9780469-06:00" endTime="2012-12-02T09:39:17.9858594-06:00" testType="13cdc9d9-ddb5-4fa4-a97d-d965ccfc6d4b" outcome="Passed" testListId="8c84fa94-04c1-424b-9868-57a2d4851a1d" relativeResultsDirectory="544215c7-f394-450f-bc19-c7b25c6ee7b3">
    </UnitTestResult>
    <UnitTestResult executionId="864d0090-5047-46c4-959f-10b0b7c7825f" testId="f0412e44-6fec-8bd8-23a9-d77c8cba5a2f" testName="setNameTest" computerName="JUSTIN-PC" duration="00:00:00.0003159" startTime="2012-12-02T09:39:17.9936719-06:00" endTime="2012-12-02T09:39:18.0014844-06:00" testType="13cdc9d9-ddb5-4fa4-a97d-d965ccfc6d4b" outcome="Passed" testListId="8c84fa94-04c1-424b-9868-57a2d4851a1d" relativeResultsDirectory="864d0090-5047-46c4-959f-10b0b7c7825f">
    </UnitTestResult>
    <UnitTestResult executionId="deb433a2-73de-44ea-95cf-662db215b0ed" testId="0c3a2482-98fc-486a-fe15-6e953db2803b" testName="setAddressTest" computerName="JUSTIN-PC" duration="00:00:00.0002980" startTime="2012-12-02T09:39:18.0014844-06:00" endTime="2012-12-02T09:39:18.0092969-06:00" testType="13cdc9d9-ddb5-4fa4-a97d-d965ccfc6d4b" outcome="Passed" testListId="8c84fa94-04c1-424b-9868-57a2d4851a1d" relativeResultsDirectory="deb433a2-73de-44ea-95cf-662db215b0ed">
    </UnitTestResult>
    <UnitTestResult executionId="37d584d6-f4a4-468f-9e31-04644187b477" testId="f3e619c4-033e-1701-a2ae-7a9955055f50" testName="PersonConstructorTest" computerName="JUSTIN-PC" duration="00:00:00.0002170" startTime="2012-12-02T09:39:18.0171094-06:00" endTime="2012-12-02T09:39:18.0249219-06:00" testType="13cdc9d9-ddb5-4fa4-a97d-d965ccfc6d4b" outcome="Passed" testListId="8c84fa94-04c1-424b-9868-57a2d4851a1d" relativeResultsDirectory="37d584d6-f4a4-468f-9e31-04644187b477">
    </UnitTestResult>
    <UnitTestResult executionId="d785baeb-e24e-49cc-b6fd-6b324af01f0a" testId="d398e9c1-fb4c-15e0-d0c4-aac0ba34194f" testName="AddressBookConstructorTest" computerName="JUSTIN-PC" duration="00:00:00.0004207" startTime="2012-12-02T09:39:18.0327344-06:00" endTime="2012-12-02T09:39:18.0405469-06:00" testType="13cdc9d9-ddb5-4fa4-a97d-d965ccfc6d4b" outcome="Passed" testListId="8c84fa94-04c1-424b-9868-57a2d4851a1d" relativeResultsDirectory="d785baeb-e24e-49cc-b6fd-6b324af01f0a">
    </UnitTestResult>
    <UnitTestResult executionId="57e1acd1-802c-4b6f-a68e-916735b03eee" testId="745bf10e-17c0-cd48-3e5b-57c54e907349" testName="addUserTest" computerName="JUSTIN-PC" duration="00:00:10.1325330" startTime="2012-12-02T09:39:18.0405469-06:00" endTime="2012-12-02T09:39:28.1811719-06:00" testType="13cdc9d9-ddb5-4fa4-a97d-d965ccfc6d4b" outcome="Failed" testListId="8c84fa94-04c1-424b-9868-57a2d4851a1d" relativeResultsDirectory="57e1acd1-802c-4b6f-a68e-916735b03eee">
      <Output>
        <ErrorInfo>
          <Message>Test method TestProject1.AddressBookTest.addUserTest threw exception: 
System.NotImplementedException: The method or operation is not implemented.</Message>
          <StackTrace>    at _302FinalProject.AddressBook.addUser(Person User) in C:\Users\Justin\Documents\Visual Studio 2010\Projects\302FinalProject\302FinalProject\AddressBook.cs:line 12
   at TestProject1.AddressBookTest.addUserTest() in C:\Users\Justin\Documents\Visual Studio 2010\Projects\302FinalProject\TestProject1\AddressBookTest.cs:line 86
</StackTrace>
        </ErrorInfo>
      </Output>
    </UnitTestResult>
    <UnitTestResult executionId="b6d8ceab-39e7-45a9-86bf-edca908ee3ce" testId="be5aa915-3067-9536-c8cf-e11ad7665f45" testName="removeUserTest" computerName="JUSTIN-PC" duration="00:00:00.9002353" startTime="2012-12-02T09:39:28.1889844-06:00" endTime="2012-12-02T09:39:29.1030469-06:00" testType="13cdc9d9-ddb5-4fa4-a97d-d965ccfc6d4b" outcome="Failed" testListId="8c84fa94-04c1-424b-9868-57a2d4851a1d" relativeResultsDirectory="b6d8ceab-39e7-45a9-86bf-edca908ee3ce">
      <Output>
        <ErrorInfo>
          <Message>Test method TestProject1.AddressBookTest.removeUserTest threw exception: 
System.NotImplementedException: The method or operation is not implemented.</Message>
          <StackTrace>    at _302FinalProject.AddressBook.removeUser(Person User) in C:\Users\Justin\Documents\Visual Studio 2010\Projects\302FinalProject\302FinalProject\AddressBook.cs:line 17
   at TestProject1.AddressBookTest.removeUserTest() in C:\Users\Justin\Documents\Visual Studio 2010\Projects\302FinalProject\TestProject1\AddressBookTest.cs:line 98
</StackTrace>
        </ErrorInfo>
      </Output>
    </UnitTestResult>
    <UnitTestResult executionId="4fb0a337-e8f7-4114-9e79-c3e9161db0af" testId="0c952f85-7698-9406-1081-1831b617ec8e" testName="MainWindowConstructorTest" computerName="JUSTIN-PC" duration="00:00:00.1984648" startTime="2012-12-02T09:39:29.1030469-06:00" endTime="2012-12-02T09:39:29.3139844-06:00" testType="13cdc9d9-ddb5-4fa4-a97d-d965ccfc6d4b" outcome="Passed" testListId="8c84fa94-04c1-424b-9868-57a2d4851a1d" relativeResultsDirectory="4fb0a337-e8f7-4114-9e79-c3e9161db0af">
    </UnitTestResult>
    <UnitTestResult executionId="e4ffe8b6-c244-4e89-b0ec-9aa8024aa7e8" testId="ce675689-d2d7-0cdd-c0ea-eeaf2b96779a" testName="AddPerson_ClickTest" computerName="JUSTIN-PC" duration="00:00:00.0215608" startTime="2012-12-02T09:39:29.3217969-06:00" endTime="2012-12-02T09:39:29.3452344-06:00" testType="13cdc9d9-ddb5-4fa4-a97d-d965ccfc6d4b" outcome="Passed" testListId="8c84fa94-04c1-424b-9868-57a2d4851a1d" relativeResultsDirectory="e4ffe8b6-c244-4e89-b0ec-9aa8024aa7e8">
    </UnitTestResult>
    <UnitTestResult executionId="9fd9f2f0-200e-4dba-bbde-fcd30f91e2e2" testId="2ff40d63-a64f-49cb-833c-a28ef9755bc4" testName="InitializeComponentTest" computerName="JUSTIN-PC" duration="00:00:00.0077272" startTime="2012-12-02T09:39:29.3530469-06:00" endTime="2012-12-02T09:39:29.3686719-06:00" testType="13cdc9d9-ddb5-4fa4-a97d-d965ccfc6d4b" outcome="Passed" testListId="8c84fa94-04c1-424b-9868-57a2d4851a1d" relativeResultsDirectory="9fd9f2f0-200e-4dba-bbde-fcd30f91e2e2">
    </UnitTestResult>
    <UnitTestResult executionId="e207e29a-35cf-4fa4-b82a-c309c9bc9eec" testId="38d3302b-d51b-fe18-3dda-8fc6e5876cdb" testName="RemovePerson_ClickTest" computerName="JUSTIN-PC" duration="00:00:00.0092288" startTime="2012-12-02T09:39:29.3764844-06:00" endTime="2012-12-02T09:39:29.3921094-06:00" testType="13cdc9d9-ddb5-4fa4-a97d-d965ccfc6d4b" outcome="Passed" testListId="8c84fa94-04c1-424b-9868-57a2d4851a1d" relativeResultsDirectory="e207e29a-35cf-4fa4-b82a-c309c9bc9eec">
    </UnitTestResult>
    <UnitTestResult executionId="5af42835-16e2-4dfb-84b9-a1bbf5bd8b2d" testId="aa8c5814-28e1-dbe8-b20d-a761d402e385" testName="ConnectTest" computerName="JUSTIN-PC" duration="00:00:00.0085315" startTime="2012-12-02T09:39:29.3999219-06:00" endTime="2012-12-02T09:39:29.4155469-06:00" testType="13cdc9d9-ddb5-4fa4-a97d-d965ccfc6d4b" outcome="Passed" testListId="8c84fa94-04c1-424b-9868-57a2d4851a1d" relativeResultsDirectory="5af42835-16e2-4dfb-84b9-a1bbf5bd8b2d">
    </UnitTestResult>
    <UnitTestResult executionId="26b1afb9-c289-4efa-8419-22f213bf77b5" testId="73abe3d4-07d6-9c65-b90a-579adb3e7c4e" testName="button1_ClickTest" computerName="JUSTIN-PC" duration="00:00:00.0084577" startTime="2012-12-02T09:39:29.4155469-06:00" endTime="2012-12-02T09:39:29.4389844-06:00" testType="13cdc9d9-ddb5-4fa4-a97d-d965ccfc6d4b" outcome="Passed" testListId="8c84fa94-04c1-424b-9868-57a2d4851a1d" relativeResultsDirectory="26b1afb9-c289-4efa-8419-22f213bf77b5">
    </UnitTestResult>
    <UnitTestResult executionId="98025f90-734e-4ed0-87c2-1b7565623393" testId="01bc3942-397c-0424-f6d8-5fbf0d2bb099" testName="button2_ClickTest" computerName="JUSTIN-PC" duration="00:00:00.0095000" startTime="2012-12-02T09:39:29.4389844-06:00" endTime="2012-12-02T09:39:29.4546094-06:00" testType="13cdc9d9-ddb5-4fa4-a97d-d965ccfc6d4b" outcome="Passed" testListId="8c84fa94-04c1-424b-9868-57a2d4851a1d" relativeResultsDirectory="98025f90-734e-4ed0-87c2-1b7565623393">
    </UnitTestResult>
    <UnitTestResult executionId="271de1a6-d00c-4be5-b2f5-2bc9b41ca580" testId="82bb23a2-6002-407a-219a-a48a8fc2036f" testName="button3_ClickTest" computerName="JUSTIN-PC" duration="00:00:00.0107265" startTime="2012-12-02T09:39:29.4624219-06:00" endTime="2012-12-02T09:39:29.4780469-06:00" testType="13cdc9d9-ddb5-4fa4-a97d-d965ccfc6d4b" outcome="Passed" testListId="8c84fa94-04c1-424b-9868-57a2d4851a1d" relativeResultsDirectory="271de1a6-d00c-4be5-b2f5-2bc9b41ca580">
    </UnitTestResult>
  </Results>
</TestRun>